0 info it worked if it ends with ok
1 verbose cli [ '/usr/bin/nodejs', '/usr/bin/npm', 'install', '-g', 'node' ]
2 info using npm@3.5.2
3 info using node@v4.2.6
4 silly loadCurrentTree Starting
5 silly install loadCurrentTree
6 silly install readGlobalPackageData
7 silly fetchPackageMetaData node
8 silly fetchNamedPackageData node
9 silly mapToRegistry name node
10 silly mapToRegistry using default registry
11 silly mapToRegistry registry https://registry.npmjs.org/
12 silly mapToRegistry uri https://registry.npmjs.org/node
13 verbose request uri https://registry.npmjs.org/node
14 verbose request no auth needed
15 info attempt registry request try #1 at 5:20:39 PM
16 verbose request id 70d80bb1d6992abd
17 http request GET https://registry.npmjs.org/node
18 http 200 https://registry.npmjs.org/node
19 verbose headers { server: 'nginx/1.10.1',
19 verbose headers   'content-type': 'application/json',
19 verbose headers   'last-modified': 'Tue, 13 Oct 2015 00:37:12 GMT',
19 verbose headers   etag: 'W/"561c5238-43d"',
19 verbose headers   'content-encoding': 'gzip',
19 verbose headers   'cache-control': 'max-age=300',
19 verbose headers   'content-length': '550',
19 verbose headers   'accept-ranges': 'bytes',
19 verbose headers   date: 'Wed, 08 Mar 2017 23:21:02 GMT',
19 verbose headers   via: '1.1 varnish',
19 verbose headers   age: '0',
19 verbose headers   connection: 'keep-alive',
19 verbose headers   'x-served-by': 'cache-dfw1847-DFW',
19 verbose headers   'x-cache': 'MISS',
19 verbose headers   'x-cache-hits': '0',
19 verbose headers   'x-timer': 'S1489015262.938634,VS0,VE40',
19 verbose headers   vary: 'Accept-Encoding' }
20 silly get cb [ 200,
20 silly get   { server: 'nginx/1.10.1',
20 silly get     'content-type': 'application/json',
20 silly get     'last-modified': 'Tue, 13 Oct 2015 00:37:12 GMT',
20 silly get     etag: 'W/"561c5238-43d"',
20 silly get     'content-encoding': 'gzip',
20 silly get     'cache-control': 'max-age=300',
20 silly get     'content-length': '550',
20 silly get     'accept-ranges': 'bytes',
20 silly get     date: 'Wed, 08 Mar 2017 23:21:02 GMT',
20 silly get     via: '1.1 varnish',
20 silly get     age: '0',
20 silly get     connection: 'keep-alive',
20 silly get     'x-served-by': 'cache-dfw1847-DFW',
20 silly get     'x-cache': 'MISS',
20 silly get     'x-cache-hits': '0',
20 silly get     'x-timer': 'S1489015262.938634,VS0,VE40',
20 silly get     vary: 'Accept-Encoding' } ]
21 verbose get saving node to /home/nathan/.npm/registry.npmjs.org/node/.cache.json
22 verbose makeDirectory /home/nathan/.npm creation not in flight; initializing
23 silly makeDirectory /home/nathan/.npm uid: 1000 gid: 1000
24 silly install normalizeTree
25 silly loadCurrentTree Finishing
26 silly loadIdealTree Starting
27 silly install loadIdealTree
28 silly cloneCurrentTree Starting
29 silly install cloneCurrentTreeToIdealTree
30 silly cloneCurrentTree Finishing
31 silly loadShrinkwrap Starting
32 silly install loadShrinkwrap
33 silly loadShrinkwrap Finishing
34 silly loadAllDepsIntoIdealTree Starting
35 silly install loadAllDepsIntoIdealTree
36 silly resolveWithNewModule node@0.0.0 checking installable status
37 silly cache add args [ 'node', null ]
38 verbose cache add spec node
39 silly cache add parsed spec Result {
39 silly cache add   raw: 'node',
39 silly cache add   scope: null,
39 silly cache add   name: 'node',
39 silly cache add   rawSpec: '',
39 silly cache add   spec: 'latest',
39 silly cache add   type: 'tag' }
40 silly addNamed node@latest
41 verbose addNamed "latest" is being treated as a dist-tag for node
42 info addNameTag [ 'node', 'latest' ]
43 silly mapToRegistry name node
44 silly mapToRegistry using default registry
45 silly mapToRegistry registry https://registry.npmjs.org/
46 silly mapToRegistry uri https://registry.npmjs.org/node
47 verbose addNameTag registry:https://registry.npmjs.org/node not in flight; fetching
48 verbose get https://registry.npmjs.org/node not expired, no request
49 silly addNameTag next cb for node with tag latest
50 silly addNamed node@0.0.0
51 verbose addNamed "0.0.0" is a plain semver version for node
52 warn deprecated node@0.0.0: To update or install node, go to http://nodejs.org/
53 silly mapToRegistry name node
54 silly mapToRegistry using default registry
55 silly mapToRegistry registry https://registry.npmjs.org/
56 silly mapToRegistry uri https://registry.npmjs.org/node
57 verbose addRemoteTarball https://registry.npmjs.org/node/-/node-0.0.0.tgz not in flight; adding
58 verbose addRemoteTarball [ 'https://registry.npmjs.org/node/-/node-0.0.0.tgz',
58 verbose addRemoteTarball   '288d62f90530c763eff8d4831ee7343ab3d60793' ]
59 info retry fetch attempt 1 at 5:21:03 PM
60 info attempt registry request try #1 at 5:21:03 PM
61 http fetch GET https://registry.npmjs.org/node/-/node-0.0.0.tgz
62 http fetch 200 https://registry.npmjs.org/node/-/node-0.0.0.tgz
63 silly fetchAndShaCheck shasum 288d62f90530c763eff8d4831ee7343ab3d60793
64 verbose addTmpTarball /tmp/npm-4822-b18e1148/registry.npmjs.org/node/-/node-0.0.0.tgz not in flight; adding
65 verbose addTmpTarball already have metadata; skipping unpack for node@0.0.0
66 silly cache afterAdd node@0.0.0
67 verbose afterAdd /home/nathan/.npm/node/0.0.0/package/package.json not in flight; writing
68 verbose afterAdd /home/nathan/.npm/node/0.0.0/package/package.json written
69 silly loadAllDepsIntoIdealTree Finishing
70 silly idealTree:prePrune lib
70 silly idealTree:prePrune └── node@0.0.0
71 silly loadIdealTree Finishing
72 silly currentTree lib
73 silly idealTree lib
73 silly idealTree └── node@0.0.0
74 silly generateActionsToTake Starting
75 silly install generateActionsToTake
76 warn checkPermissions Missing write access to /usr/local/lib
77 silly rollbackFailedOptional Starting
78 silly rollbackFailedOptional Finishing
79 silly runTopLevelLifecycles Starting
80 silly runTopLevelLifecycles Finishing
81 silly install printInstalled
82 verbose stack Error: EACCES: permission denied, access '/usr/local/lib'
82 verbose stack     at Error (native)
83 verbose cwd /home/nathan/HackReactor/project-pretzel
84 error Linux 4.8.0-36-generic
85 error argv "/usr/bin/nodejs" "/usr/bin/npm" "install" "-g" "node"
86 error node v4.2.6
87 error npm  v3.5.2
88 error path /usr/local/lib
89 error code EACCES
90 error errno -13
91 error syscall access
92 error Error: EACCES: permission denied, access '/usr/local/lib'
92 error     at Error (native)
92 error  { [Error: EACCES: permission denied, access '/usr/local/lib']
92 error   errno: -13,
92 error   code: 'EACCES',
92 error   syscall: 'access',
92 error   path: '/usr/local/lib' }
93 error Please try running this command again as root/Administrator.
94 verbose exit [ -13, true ]
